\BOOKMARK [0][]{chapter.1}{1 Statement of the topic}{}% 1
\BOOKMARK [1][]{section.1.1}{1.1 Motivation}{chapter.1}% 2
\BOOKMARK [1][]{section.1.2}{1.2 Research aim and questions}{chapter.1}% 3
\BOOKMARK [1][]{section.1.3}{1.3 Research plan}{chapter.1}% 4
\BOOKMARK [1][]{section.1.4}{1.4 Scope of research}{chapter.1}% 5
\BOOKMARK [0][]{chapter.2}{2 Literature Review}{}% 6
\BOOKMARK [0][]{chapter.3}{3 Data collection and processing}{}% 7
\BOOKMARK [1][]{section.3.1}{3.1 Sources}{chapter.3}% 8
\BOOKMARK [1][]{section.3.2}{3.2 Pre-processing}{chapter.3}% 9
\BOOKMARK [1][]{section.3.3}{3.3 Compiled data}{chapter.3}% 10
\BOOKMARK [0][]{chapter.4}{4 Exploratory data analysis}{}% 11
\BOOKMARK [1][]{section.4.1}{4.1 Overview of 2019-2020 Australia bushfire season}{chapter.4}% 12
\BOOKMARK [1][]{section.4.2}{4.2 weather condition}{chapter.4}% 13
\BOOKMARK [1][]{section.4.3}{4.3 Distance to the nearest road and recreation site}{chapter.4}% 14
\BOOKMARK [1][]{section.4.4}{4.4 Fire cluster movement}{chapter.4}% 15
\BOOKMARK [0][]{chapter.5}{5 Modelling}{}% 16
\BOOKMARK [1][]{section.5.1}{5.1 Predicting ignition method}{chapter.5}% 17
\BOOKMARK [1][]{section.5.2}{5.2 Modelling fire risk}{chapter.5}% 18
\BOOKMARK [0][]{chapter.6}{6 Timeline}{}% 19
\BOOKMARK [0][]{chapter.7}{7 Supplementary materials}{}% 20
\BOOKMARK [0][]{chapter.8}{8 Biblography}{}% 21
\BOOKMARK [0][]{appendix.A}{A Additional stuff}{}% 22
