\BOOKMARK [0][]{chapter.1}{1 Abstract}{}% 1
\BOOKMARK [0][]{chapter.2}{2 Introduction}{}% 2
\BOOKMARK [1][]{section.2.1}{2.1 Motivation}{chapter.2}% 3
\BOOKMARK [1][]{section.2.2}{2.2 Aims}{chapter.2}% 4
\BOOKMARK [0][]{chapter.3}{3 Review of literature}{}% 5
\BOOKMARK [1][]{section.3.1}{3.1 Spatio-temporal clustering}{chapter.3}% 6
\BOOKMARK [1][]{section.3.2}{3.2 Bushfire modelling}{chapter.3}% 7
\BOOKMARK [0][]{chapter.4}{4 Data}{}% 8
\BOOKMARK [1][]{section.4.1}{4.1 Data Source}{chapter.4}% 9
\BOOKMARK [1][]{section.4.2}{4.2 Data processing}{chapter.4}% 10
\BOOKMARK [1][]{section.4.3}{4.3 Compiled data}{chapter.4}% 11
\BOOKMARK [1][]{section.4.4}{4.4 Descriptive summary}{chapter.4}% 12
\BOOKMARK [0][]{chapter.5}{5 Bushfire ignition classifier}{}% 13
\BOOKMARK [1][]{section.5.1}{5.1 Model description}{chapter.5}% 14
\BOOKMARK [1][]{section.5.2}{5.2 Feature selection}{chapter.5}% 15
\BOOKMARK [1][]{section.5.3}{5.3 Hyperparameter tuning and candidate model selection}{chapter.5}% 16
\BOOKMARK [1][]{section.5.4}{5.4 Results}{chapter.5}% 17
\BOOKMARK [1][]{section.5.5}{5.5 Prediction of 2019-2020 bushfire ignition cause}{chapter.5}% 18
\BOOKMARK [0][]{chapter.6}{6 Bushfire risk of neighbourhood model}{}% 19
\BOOKMARK [0][]{chapter.7}{7 Discussion}{}% 20
\BOOKMARK [1][]{section.7.1}{7.1 Limitation}{chapter.7}% 21
\BOOKMARK [1][]{section.7.2}{7.2 Future work}{chapter.7}% 22
\BOOKMARK [0][]{chapter.8}{8 Conclusion}{}% 23
\BOOKMARK [0][]{appendix.A}{A Spatio-temporal clustering algorithm}{}% 24
\BOOKMARK [0][]{appendix.B}{B Supplementary material}{}% 25
\BOOKMARK [0][]{appendix.C}{C Model performance}{}% 26
\BOOKMARK [0][]{appendix*.25}{Bibliography}{}% 27
